2021-02-04 17:50:26,845 [rpcDispatch_RMROLE_1_1_8] WARN  rollback [NoSqlDeviceUserActionImpl.java : 41] - rollback.reqId:0
2021-02-04 17:50:26,888 [rpcDispatch_RMROLE_1_2_8] WARN  rollback [SqlDeviceUserActionImpl.java : 42] - rollback.reqId:0
2021-02-20 10:36:25,926 [rpcDispatch_RMROLE_1_5_8] WARN  rollback [NoSqlDeviceUserActionImpl.java : 61] - rollback.reqId:1
2021-02-20 10:36:25,962 [rpcDispatch_RMROLE_1_6_8] WARN  rollback [SqlDeviceUserActionImpl.java : 61] - rollback.reqId:1
2021-02-20 10:36:26,341 [rpcDispatch_RMROLE_1_1_8] WARN  rollback [NoSqlDeviceUserActionImpl.java : 61] - rollback.reqId:3
2021-02-20 10:36:26,368 [rpcDispatch_RMROLE_1_2_8] WARN  rollback [SqlDeviceUserActionImpl.java : 61] - rollback.reqId:3
2021-02-20 10:36:26,729 [rpcDispatch_RMROLE_1_5_8] WARN  rollback [NoSqlDeviceUserActionImpl.java : 61] - rollback.reqId:5
2021-02-20 10:36:26,758 [rpcDispatch_RMROLE_1_6_8] WARN  rollback [SqlDeviceUserActionImpl.java : 61] - rollback.reqId:5
2021-02-20 10:36:27,418 [rpcDispatch_RMROLE_1_3_8] WARN  rollback [NoSqlDeviceUserActionImpl.java : 61] - rollback.reqId:8
2021-02-20 10:36:27,447 [rpcDispatch_RMROLE_1_4_8] WARN  rollback [SqlDeviceUserActionImpl.java : 61] - rollback.reqId:8
2021-02-20 10:36:27,630 [rpcDispatch_RMROLE_1_5_8] WARN  rollback [NoSqlDeviceUserActionImpl.java : 61] - rollback.reqId:9
2021-02-20 10:36:27,659 [rpcDispatch_RMROLE_1_6_8] WARN  rollback [SqlDeviceUserActionImpl.java : 61] - rollback.reqId:9
2021-02-20 10:36:29,746 [rpcDispatch_RMROLE_1_5_8] WARN  rollback [NoSqlDeviceUserActionImpl.java : 61] - rollback.reqId:21
2021-02-20 10:36:29,778 [rpcDispatch_RMROLE_1_6_8] WARN  rollback [SqlDeviceUserActionImpl.java : 61] - rollback.reqId:21
2021-02-20 10:36:30,770 [rpcDispatch_RMROLE_1_1_8] WARN  rollback [NoSqlDeviceUserActionImpl.java : 61] - rollback.reqId:27
2021-02-20 10:36:30,792 [rpcDispatch_RMROLE_1_2_8] WARN  rollback [SqlDeviceUserActionImpl.java : 61] - rollback.reqId:27
2021-02-20 10:36:30,982 [rpcDispatch_RMROLE_1_3_8] WARN  rollback [NoSqlDeviceUserActionImpl.java : 61] - rollback.reqId:28
2021-02-20 10:36:31,004 [rpcDispatch_RMROLE_1_4_8] WARN  rollback [SqlDeviceUserActionImpl.java : 61] - rollback.reqId:28
2021-02-20 10:36:33,384 [rpcDispatch_RMROLE_1_3_8] WARN  rollback [NoSqlDeviceUserActionImpl.java : 61] - rollback.reqId:40
2021-02-20 10:36:33,415 [rpcDispatch_RMROLE_1_4_8] WARN  rollback [SqlDeviceUserActionImpl.java : 61] - rollback.reqId:40
2021-02-20 10:36:35,456 [rpcDispatch_RMROLE_1_3_8] WARN  rollback [NoSqlDeviceUserActionImpl.java : 61] - rollback.reqId:52
2021-02-20 10:36:35,481 [rpcDispatch_RMROLE_1_4_8] WARN  rollback [SqlDeviceUserActionImpl.java : 61] - rollback.reqId:52
2021-02-20 10:36:35,802 [rpcDispatch_RMROLE_1_7_8] WARN  rollback [NoSqlDeviceUserActionImpl.java : 61] - rollback.reqId:54
2021-02-20 10:36:35,824 [rpcDispatch_RMROLE_1_8_8] WARN  rollback [SqlDeviceUserActionImpl.java : 61] - rollback.reqId:54
2021-02-20 10:36:35,990 [rpcDispatch_RMROLE_1_1_8] WARN  rollback [NoSqlDeviceUserActionImpl.java : 61] - rollback.reqId:55
2021-02-20 10:36:36,012 [rpcDispatch_RMROLE_1_2_8] WARN  rollback [SqlDeviceUserActionImpl.java : 61] - rollback.reqId:55
2021-02-20 10:36:38,852 [rpcDispatch_RMROLE_1_3_8] WARN  rollback [NoSqlDeviceUserActionImpl.java : 61] - rollback.reqId:72
2021-02-20 10:36:38,881 [rpcDispatch_RMROLE_1_4_8] WARN  rollback [SqlDeviceUserActionImpl.java : 61] - rollback.reqId:72
2021-02-20 10:36:39,039 [rpcDispatch_RMROLE_1_5_8] WARN  rollback [NoSqlDeviceUserActionImpl.java : 61] - rollback.reqId:73
2021-02-20 10:36:39,061 [rpcDispatch_RMROLE_1_6_8] WARN  rollback [SqlDeviceUserActionImpl.java : 61] - rollback.reqId:73
2021-02-20 10:36:40,918 [rpcDispatch_RMROLE_1_3_8] WARN  rollback [NoSqlDeviceUserActionImpl.java : 61] - rollback.reqId:84
2021-02-20 10:36:40,948 [rpcDispatch_RMROLE_1_4_8] WARN  rollback [SqlDeviceUserActionImpl.java : 61] - rollback.reqId:84
2021-02-20 10:36:41,285 [rpcDispatch_RMROLE_1_7_8] WARN  rollback [NoSqlDeviceUserActionImpl.java : 61] - rollback.reqId:86
2021-02-20 10:36:41,315 [rpcDispatch_RMROLE_1_8_8] WARN  rollback [SqlDeviceUserActionImpl.java : 61] - rollback.reqId:86
2021-02-20 10:36:41,480 [rpcDispatch_RMROLE_1_1_8] WARN  rollback [NoSqlDeviceUserActionImpl.java : 61] - rollback.reqId:87
2021-02-20 10:36:41,503 [rpcDispatch_RMROLE_1_2_8] WARN  rollback [SqlDeviceUserActionImpl.java : 61] - rollback.reqId:87
2021-02-20 10:36:42,646 [rpcDispatch_RMROLE_1_7_8] WARN  rollback [NoSqlDeviceUserActionImpl.java : 61] - rollback.reqId:94
2021-02-20 10:36:42,668 [rpcDispatch_RMROLE_1_8_8] WARN  rollback [SqlDeviceUserActionImpl.java : 61] - rollback.reqId:94
2021-02-20 10:36:43,487 [rpcDispatch_RMROLE_1_1_8] WARN  rollback [NoSqlDeviceUserActionImpl.java : 61] - rollback.reqId:99
2021-02-20 10:36:43,509 [rpcDispatch_RMROLE_1_2_8] WARN  rollback [SqlDeviceUserActionImpl.java : 61] - rollback.reqId:99
2021-02-20 10:38:40,352 [rpcDispatch_RMROLE_1_7_8] WARN  rollback [NoSqlDeviceUserActionImpl.java : 61] - rollback.reqId:102
2021-02-20 10:38:40,382 [rpcDispatch_RMROLE_1_8_8] WARN  rollback [SqlDeviceUserActionImpl.java : 61] - rollback.reqId:102
2021-02-20 10:38:40,863 [rpcDispatch_RMROLE_1_5_8] WARN  rollback [NoSqlDeviceUserActionImpl.java : 61] - rollback.reqId:105
2021-02-20 10:38:40,884 [rpcDispatch_RMROLE_1_6_8] WARN  rollback [SqlDeviceUserActionImpl.java : 61] - rollback.reqId:105
2021-02-20 10:38:49,554 [rpcDispatch_RMROLE_1_5_8] WARN  rollback [NoSqlDeviceUserActionImpl.java : 61] - rollback.reqId:157
2021-02-20 10:38:49,577 [rpcDispatch_RMROLE_1_6_8] WARN  rollback [SqlDeviceUserActionImpl.java : 61] - rollback.reqId:157
2021-02-20 10:38:53,002 [rpcDispatch_RMROLE_1_5_8] WARN  rollback [NoSqlDeviceUserActionImpl.java : 61] - rollback.reqId:177
2021-02-20 10:38:53,023 [rpcDispatch_RMROLE_1_6_8] WARN  rollback [SqlDeviceUserActionImpl.java : 61] - rollback.reqId:177
2021-02-20 10:38:54,469 [rpcDispatch_RMROLE_1_7_8] WARN  rollback [NoSqlDeviceUserActionImpl.java : 61] - rollback.reqId:186
2021-02-20 10:38:54,515 [rpcDispatch_RMROLE_1_8_8] WARN  rollback [SqlDeviceUserActionImpl.java : 61] - rollback.reqId:186
2021-02-20 11:00:00,828 [rpcDispatch_RMROLE_1_3_8] WARN  rollback [NoSqlDeviceUserActionImpl.java : 61] - rollback.reqId:7
2021-02-20 11:00:00,858 [rpcDispatch_RMROLE_1_4_8] WARN  rollback [SqlDeviceUserActionImpl.java : 61] - rollback.reqId:7
2021-02-20 11:00:01,338 [rpcDispatch_RMROLE_1_1_8] WARN  rollback [NoSqlDeviceUserActionImpl.java : 61] - rollback.reqId:10
2021-02-20 11:00:01,360 [rpcDispatch_RMROLE_1_2_8] WARN  rollback [SqlDeviceUserActionImpl.java : 61] - rollback.reqId:10
2021-02-20 11:00:03,571 [rpcDispatch_RMROLE_1_5_8] WARN  rollback [NoSqlDeviceUserActionImpl.java : 61] - rollback.reqId:24
2021-02-20 11:00:03,591 [rpcDispatch_RMROLE_1_6_8] WARN  rollback [SqlDeviceUserActionImpl.java : 61] - rollback.reqId:24
2021-02-20 11:00:04,065 [rpcDispatch_RMROLE_1_3_8] WARN  rollback [NoSqlDeviceUserActionImpl.java : 61] - rollback.reqId:27
2021-02-20 11:00:04,087 [rpcDispatch_RMROLE_1_4_8] WARN  rollback [SqlDeviceUserActionImpl.java : 61] - rollback.reqId:27
2021-02-20 11:00:06,612 [rpcDispatch_RMROLE_1_3_8] WARN  rollback [NoSqlDeviceUserActionImpl.java : 61] - rollback.reqId:43
2021-02-20 11:00:06,633 [rpcDispatch_RMROLE_1_4_8] WARN  rollback [SqlDeviceUserActionImpl.java : 61] - rollback.reqId:43
2021-02-20 11:00:06,787 [rpcDispatch_RMROLE_1_5_8] WARN  rollback [NoSqlDeviceUserActionImpl.java : 61] - rollback.reqId:44
2021-02-20 11:00:06,817 [rpcDispatch_RMROLE_1_6_8] WARN  rollback [SqlDeviceUserActionImpl.java : 61] - rollback.reqId:44
2021-02-20 11:00:06,963 [rpcDispatch_RMROLE_1_7_8] WARN  rollback [NoSqlDeviceUserActionImpl.java : 61] - rollback.reqId:45
2021-02-20 11:00:06,983 [rpcDispatch_RMROLE_1_8_8] WARN  rollback [SqlDeviceUserActionImpl.java : 61] - rollback.reqId:45
2021-02-20 11:00:07,135 [rpcDispatch_RMROLE_1_1_8] WARN  rollback [NoSqlDeviceUserActionImpl.java : 61] - rollback.reqId:46
2021-02-20 11:00:07,155 [rpcDispatch_RMROLE_1_2_8] WARN  rollback [SqlDeviceUserActionImpl.java : 61] - rollback.reqId:46
2021-02-20 11:00:08,406 [rpcDispatch_RMROLE_1_1_8] WARN  rollback [NoSqlDeviceUserActionImpl.java : 61] - rollback.reqId:54
2021-02-20 11:00:08,426 [rpcDispatch_RMROLE_1_2_8] WARN  rollback [SqlDeviceUserActionImpl.java : 61] - rollback.reqId:54
2021-02-20 11:00:11,013 [rpcDispatch_RMROLE_1_1_8] WARN  rollback [NoSqlDeviceUserActionImpl.java : 61] - rollback.reqId:70
2021-02-20 11:00:11,047 [rpcDispatch_RMROLE_1_2_8] WARN  rollback [SqlDeviceUserActionImpl.java : 61] - rollback.reqId:70
2021-02-20 11:00:12,895 [rpcDispatch_RMROLE_1_1_8] WARN  rollback [NoSqlDeviceUserActionImpl.java : 61] - rollback.reqId:82
2021-02-20 11:00:12,915 [rpcDispatch_RMROLE_1_2_8] WARN  rollback [SqlDeviceUserActionImpl.java : 61] - rollback.reqId:82
2021-02-20 11:00:13,694 [rpcDispatch_RMROLE_1_1_8] WARN  rollback [NoSqlDeviceUserActionImpl.java : 61] - rollback.reqId:86
2021-02-20 11:00:13,723 [rpcDispatch_RMROLE_1_2_8] WARN  rollback [SqlDeviceUserActionImpl.java : 61] - rollback.reqId:86
2021-02-20 11:00:14,659 [rpcDispatch_RMROLE_1_5_8] WARN  rollback [NoSqlDeviceUserActionImpl.java : 61] - rollback.reqId:92
2021-02-20 11:00:14,684 [rpcDispatch_RMROLE_1_6_8] WARN  rollback [SqlDeviceUserActionImpl.java : 61] - rollback.reqId:92
2021-02-20 11:03:16,124 [rpcDispatch_RMROLE_1_1_8] WARN  rollback [NoSqlDeviceUserActionImpl.java : 61] - rollback.reqId:18
2021-02-20 11:03:16,144 [rpcDispatch_RMROLE_1_2_8] WARN  rollback [SqlDeviceUserActionImpl.java : 61] - rollback.reqId:18
2021-02-20 11:03:18,832 [rpcDispatch_RMROLE_1_3_8] WARN  rollback [NoSqlDeviceUserActionImpl.java : 61] - rollback.reqId:35
2021-02-20 11:03:18,854 [rpcDispatch_RMROLE_1_4_8] WARN  rollback [SqlDeviceUserActionImpl.java : 61] - rollback.reqId:35
2021-02-20 11:03:19,159 [rpcDispatch_RMROLE_1_7_8] WARN  rollback [NoSqlDeviceUserActionImpl.java : 61] - rollback.reqId:37
2021-02-20 11:03:19,180 [rpcDispatch_RMROLE_1_8_8] WARN  rollback [SqlDeviceUserActionImpl.java : 61] - rollback.reqId:37
2021-02-20 11:03:20,493 [rpcDispatch_RMROLE_1_7_8] WARN  rollback [NoSqlDeviceUserActionImpl.java : 61] - rollback.reqId:45
2021-02-20 11:03:20,525 [rpcDispatch_RMROLE_1_8_8] WARN  rollback [SqlDeviceUserActionImpl.java : 61] - rollback.reqId:45
2021-02-20 11:03:20,829 [rpcDispatch_RMROLE_1_3_8] WARN  rollback [NoSqlDeviceUserActionImpl.java : 61] - rollback.reqId:47
2021-02-20 11:03:20,851 [rpcDispatch_RMROLE_1_4_8] WARN  rollback [SqlDeviceUserActionImpl.java : 61] - rollback.reqId:47
2021-02-20 11:03:21,620 [rpcDispatch_RMROLE_1_5_8] WARN  rollback [NoSqlDeviceUserActionImpl.java : 61] - rollback.reqId:52
2021-02-20 11:03:21,642 [rpcDispatch_RMROLE_1_6_8] WARN  rollback [SqlDeviceUserActionImpl.java : 61] - rollback.reqId:52
2021-02-20 11:03:23,744 [rpcDispatch_RMROLE_1_5_8] WARN  rollback [NoSqlDeviceUserActionImpl.java : 61] - rollback.reqId:64
2021-02-20 11:03:23,764 [rpcDispatch_RMROLE_1_6_8] WARN  rollback [SqlDeviceUserActionImpl.java : 61] - rollback.reqId:64
2021-02-20 11:03:26,040 [rpcDispatch_RMROLE_1_1_8] WARN  rollback [NoSqlDeviceUserActionImpl.java : 61] - rollback.reqId:78
2021-02-20 11:03:26,068 [rpcDispatch_RMROLE_1_2_8] WARN  rollback [SqlDeviceUserActionImpl.java : 61] - rollback.reqId:78
2021-02-20 11:03:27,993 [rpcDispatch_RMROLE_1_1_8] WARN  rollback [NoSqlDeviceUserActionImpl.java : 61] - rollback.reqId:90
2021-02-20 11:03:28,014 [rpcDispatch_RMROLE_1_2_8] WARN  rollback [SqlDeviceUserActionImpl.java : 61] - rollback.reqId:90
2021-02-20 11:03:28,538 [rpcDispatch_RMROLE_1_7_8] WARN  rollback [NoSqlDeviceUserActionImpl.java : 61] - rollback.reqId:93
2021-02-20 11:03:28,562 [rpcDispatch_RMROLE_1_8_8] WARN  rollback [SqlDeviceUserActionImpl.java : 61] - rollback.reqId:93
2021-02-20 11:04:15,656 [rpcDispatch_RMROLE_1_7_8] WARN  rollback [NoSqlDeviceUserActionImpl.java : 61] - rollback.reqId:101
2021-02-20 11:04:15,678 [rpcDispatch_RMROLE_1_8_8] WARN  rollback [SqlDeviceUserActionImpl.java : 61] - rollback.reqId:101
2021-02-20 11:04:16,304 [rpcDispatch_RMROLE_1_7_8] WARN  rollback [NoSqlDeviceUserActionImpl.java : 61] - rollback.reqId:105
2021-02-20 11:04:16,326 [rpcDispatch_RMROLE_1_8_8] WARN  rollback [SqlDeviceUserActionImpl.java : 61] - rollback.reqId:105
2021-02-20 11:04:18,274 [rpcDispatch_RMROLE_1_7_8] WARN  rollback [NoSqlDeviceUserActionImpl.java : 61] - rollback.reqId:117
2021-02-20 11:04:18,294 [rpcDispatch_RMROLE_1_8_8] WARN  rollback [SqlDeviceUserActionImpl.java : 61] - rollback.reqId:117
2021-02-20 11:04:20,787 [rpcDispatch_RMROLE_1_7_8] WARN  rollback [NoSqlDeviceUserActionImpl.java : 61] - rollback.reqId:133
2021-02-20 11:04:20,815 [rpcDispatch_RMROLE_1_8_8] WARN  rollback [SqlDeviceUserActionImpl.java : 61] - rollback.reqId:133
2021-02-20 11:04:20,966 [rpcDispatch_RMROLE_1_1_8] WARN  rollback [NoSqlDeviceUserActionImpl.java : 61] - rollback.reqId:134
2021-02-20 11:04:20,987 [rpcDispatch_RMROLE_1_2_8] WARN  rollback [SqlDeviceUserActionImpl.java : 61] - rollback.reqId:134
2021-02-20 11:04:23,734 [rpcDispatch_RMROLE_1_5_8] WARN  rollback [NoSqlDeviceUserActionImpl.java : 61] - rollback.reqId:152
2021-02-20 11:04:23,754 [rpcDispatch_RMROLE_1_6_8] WARN  rollback [SqlDeviceUserActionImpl.java : 61] - rollback.reqId:152
2021-02-20 11:04:24,543 [rpcDispatch_RMROLE_1_7_8] WARN  rollback [NoSqlDeviceUserActionImpl.java : 61] - rollback.reqId:157
2021-02-20 11:04:24,566 [rpcDispatch_RMROLE_1_8_8] WARN  rollback [SqlDeviceUserActionImpl.java : 61] - rollback.reqId:157
2021-02-20 11:04:26,216 [rpcDispatch_RMROLE_1_3_8] WARN  rollback [NoSqlDeviceUserActionImpl.java : 61] - rollback.reqId:167
2021-02-20 11:04:26,238 [rpcDispatch_RMROLE_1_4_8] WARN  rollback [SqlDeviceUserActionImpl.java : 61] - rollback.reqId:167
2021-02-20 11:04:26,696 [rpcDispatch_RMROLE_1_1_8] WARN  rollback [NoSqlDeviceUserActionImpl.java : 61] - rollback.reqId:170
2021-02-20 11:04:26,716 [rpcDispatch_RMROLE_1_2_8] WARN  rollback [SqlDeviceUserActionImpl.java : 61] - rollback.reqId:170
2021-02-20 11:04:27,923 [rpcDispatch_RMROLE_1_1_8] WARN  rollback [NoSqlDeviceUserActionImpl.java : 61] - rollback.reqId:178
2021-02-20 11:04:27,943 [rpcDispatch_RMROLE_1_2_8] WARN  rollback [SqlDeviceUserActionImpl.java : 61] - rollback.reqId:178
2021-02-20 11:04:28,852 [rpcDispatch_RMROLE_1_5_8] WARN  rollback [NoSqlDeviceUserActionImpl.java : 61] - rollback.reqId:184
2021-02-20 11:04:28,881 [rpcDispatch_RMROLE_1_6_8] WARN  rollback [SqlDeviceUserActionImpl.java : 61] - rollback.reqId:184
2021-02-20 11:04:29,429 [rpcDispatch_RMROLE_1_3_8] WARN  rollback [NoSqlDeviceUserActionImpl.java : 61] - rollback.reqId:187
2021-02-20 11:04:29,451 [rpcDispatch_RMROLE_1_4_8] WARN  rollback [SqlDeviceUserActionImpl.java : 61] - rollback.reqId:187
2021-02-20 11:04:30,821 [rpcDispatch_RMROLE_1_5_8] WARN  rollback [NoSqlDeviceUserActionImpl.java : 61] - rollback.reqId:196
2021-02-20 11:04:30,843 [rpcDispatch_RMROLE_1_6_8] WARN  rollback [SqlDeviceUserActionImpl.java : 61] - rollback.reqId:196
2021-02-20 11:06:23,234 [rpcDispatch_RMROLE_1_5_8] WARN  rollback [NoSqlDeviceUserActionImpl.java : 61] - rollback.reqId:0
2021-02-20 11:06:23,281 [rpcDispatch_RMROLE_1_6_8] WARN  rollback [SqlDeviceUserActionImpl.java : 61] - rollback.reqId:0
2021-02-20 11:06:24,226 [rpcDispatch_RMROLE_1_1_8] WARN  rollback [NoSqlDeviceUserActionImpl.java : 61] - rollback.reqId:6
2021-02-20 11:06:24,247 [rpcDispatch_RMROLE_1_2_8] WARN  rollback [SqlDeviceUserActionImpl.java : 61] - rollback.reqId:6
2021-02-20 11:06:24,875 [rpcDispatch_RMROLE_1_1_8] WARN  rollback [NoSqlDeviceUserActionImpl.java : 61] - rollback.reqId:10
2021-02-20 11:06:24,897 [rpcDispatch_RMROLE_1_2_8] WARN  rollback [SqlDeviceUserActionImpl.java : 61] - rollback.reqId:10
2021-02-20 11:06:30,585 [rpcDispatch_RMROLE_1_1_8] WARN  rollback [NoSqlDeviceUserActionImpl.java : 61] - rollback.reqId:46
2021-02-20 11:06:30,606 [rpcDispatch_RMROLE_1_2_8] WARN  rollback [SqlDeviceUserActionImpl.java : 61] - rollback.reqId:46
2021-02-20 11:06:31,533 [rpcDispatch_RMROLE_1_5_8] WARN  rollback [NoSqlDeviceUserActionImpl.java : 61] - rollback.reqId:52
2021-02-20 11:06:31,555 [rpcDispatch_RMROLE_1_6_8] WARN  rollback [SqlDeviceUserActionImpl.java : 61] - rollback.reqId:52
2021-02-20 11:06:32,792 [rpcDispatch_RMROLE_1_5_8] WARN  rollback [NoSqlDeviceUserActionImpl.java : 61] - rollback.reqId:60
2021-02-20 11:06:32,843 [rpcDispatch_RMROLE_1_6_8] WARN  rollback [SqlDeviceUserActionImpl.java : 61] - rollback.reqId:60
2021-02-20 11:06:34,488 [rpcDispatch_RMROLE_1_1_8] WARN  rollback [NoSqlDeviceUserActionImpl.java : 61] - rollback.reqId:70
2021-02-20 11:06:34,510 [rpcDispatch_RMROLE_1_2_8] WARN  rollback [SqlDeviceUserActionImpl.java : 61] - rollback.reqId:70
2021-02-20 11:06:35,894 [rpcDispatch_RMROLE_1_3_8] WARN  rollback [NoSqlDeviceUserActionImpl.java : 61] - rollback.reqId:79
2021-02-20 11:06:35,914 [rpcDispatch_RMROLE_1_4_8] WARN  rollback [SqlDeviceUserActionImpl.java : 61] - rollback.reqId:79
2021-02-20 11:06:36,063 [rpcDispatch_RMROLE_1_5_8] WARN  rollback [NoSqlDeviceUserActionImpl.java : 61] - rollback.reqId:80
2021-02-20 11:06:36,085 [rpcDispatch_RMROLE_1_6_8] WARN  rollback [SqlDeviceUserActionImpl.java : 61] - rollback.reqId:80
2021-02-20 11:06:38,667 [rpcDispatch_RMROLE_1_5_8] WARN  rollback [NoSqlDeviceUserActionImpl.java : 61] - rollback.reqId:96
2021-02-20 11:06:38,688 [rpcDispatch_RMROLE_1_6_8] WARN  rollback [SqlDeviceUserActionImpl.java : 61] - rollback.reqId:96
2021-02-20 11:06:39,137 [rpcDispatch_RMROLE_1_3_8] WARN  rollback [NoSqlDeviceUserActionImpl.java : 61] - rollback.reqId:99
2021-02-20 11:06:39,159 [rpcDispatch_RMROLE_1_4_8] WARN  rollback [SqlDeviceUserActionImpl.java : 61] - rollback.reqId:99
2021-02-20 11:20:57,837 [rpcDispatch_RMROLE_1_1_8] WARN  rollback [NoSqlDeviceUserActionImpl.java : 61] - rollback.reqId:2
2021-02-20 11:20:57,858 [rpcDispatch_RMROLE_1_2_8] WARN  rollback [SqlDeviceUserActionImpl.java : 61] - rollback.reqId:2
2021-02-20 11:20:58,800 [rpcDispatch_RMROLE_1_5_8] WARN  rollback [NoSqlDeviceUserActionImpl.java : 61] - rollback.reqId:8
2021-02-20 11:20:58,821 [rpcDispatch_RMROLE_1_6_8] WARN  rollback [SqlDeviceUserActionImpl.java : 61] - rollback.reqId:8
2021-02-20 11:21:00,209 [rpcDispatch_RMROLE_1_7_8] WARN  rollback [NoSqlDeviceUserActionImpl.java : 61] - rollback.reqId:17
2021-02-20 11:21:00,241 [rpcDispatch_RMROLE_1_8_8] WARN  rollback [SqlDeviceUserActionImpl.java : 61] - rollback.reqId:17
2021-02-20 11:21:02,919 [rpcDispatch_RMROLE_1_1_8] WARN  rollback [NoSqlDeviceUserActionImpl.java : 61] - rollback.reqId:34
2021-02-20 11:21:02,941 [rpcDispatch_RMROLE_1_2_8] WARN  rollback [SqlDeviceUserActionImpl.java : 61] - rollback.reqId:34
2021-02-20 11:21:03,553 [rpcDispatch_RMROLE_1_1_8] WARN  rollback [NoSqlDeviceUserActionImpl.java : 61] - rollback.reqId:38
2021-02-20 11:21:03,575 [rpcDispatch_RMROLE_1_2_8] WARN  rollback [SqlDeviceUserActionImpl.java : 61] - rollback.reqId:38
2021-02-20 11:21:05,369 [rpcDispatch_RMROLE_1_7_8] WARN  rollback [NoSqlDeviceUserActionImpl.java : 61] - rollback.reqId:49
2021-02-20 11:21:05,390 [rpcDispatch_RMROLE_1_8_8] WARN  rollback [SqlDeviceUserActionImpl.java : 61] - rollback.reqId:49
2021-02-20 11:21:08,688 [rpcDispatch_RMROLE_1_1_8] WARN  rollback [NoSqlDeviceUserActionImpl.java : 61] - rollback.reqId:70
2021-02-20 11:21:08,715 [rpcDispatch_RMROLE_1_2_8] WARN  rollback [SqlDeviceUserActionImpl.java : 61] - rollback.reqId:70
2021-02-20 11:31:44,594 [DubboServerHandler-172.29.76.44:10001-thread-5] WARN  rollback [DeviceUserTransactionServiceImpl.java : 34] - manually rollback.reqId:103
2021-02-20 11:31:44,702 [rpcDispatch_RMROLE_1_7_8] WARN  rollback [NoSqlDeviceUserActionImpl.java : 61] - nosql-rollback.reqId:103
2021-02-20 11:31:44,741 [rpcDispatch_RMROLE_1_8_8] WARN  rollback [SqlDeviceUserActionImpl.java : 61] - sql-rollback.reqId:103
2021-02-20 11:31:45,991 [DubboServerHandler-172.29.76.44:10001-thread-12] WARN  rollback [DeviceUserTransactionServiceImpl.java : 34] - manually rollback.reqId:110
2021-02-20 11:31:46,099 [rpcDispatch_RMROLE_1_5_8] WARN  rollback [NoSqlDeviceUserActionImpl.java : 61] - nosql-rollback.reqId:110
2021-02-20 11:31:46,130 [rpcDispatch_RMROLE_1_6_8] WARN  rollback [SqlDeviceUserActionImpl.java : 61] - sql-rollback.reqId:110
2021-02-20 11:31:46,529 [DubboServerHandler-172.29.76.44:10001-thread-15] WARN  rollback [DeviceUserTransactionServiceImpl.java : 34] - manually rollback.reqId:113
2021-02-20 11:31:46,635 [rpcDispatch_RMROLE_1_3_8] WARN  rollback [NoSqlDeviceUserActionImpl.java : 61] - nosql-rollback.reqId:113
2021-02-20 11:31:46,656 [rpcDispatch_RMROLE_1_4_8] WARN  rollback [SqlDeviceUserActionImpl.java : 61] - sql-rollback.reqId:113
2021-02-20 11:31:47,902 [DubboServerHandler-172.29.76.44:10001-thread-23] WARN  rollback [DeviceUserTransactionServiceImpl.java : 34] - manually rollback.reqId:121
2021-02-20 11:31:48,016 [rpcDispatch_RMROLE_1_3_8] WARN  rollback [NoSqlDeviceUserActionImpl.java : 61] - nosql-rollback.reqId:121
2021-02-20 11:31:48,045 [rpcDispatch_RMROLE_1_4_8] WARN  rollback [SqlDeviceUserActionImpl.java : 61] - sql-rollback.reqId:121
2021-02-20 11:31:52,107 [DubboServerHandler-172.29.76.44:10001-thread-47] WARN  rollback [DeviceUserTransactionServiceImpl.java : 34] - manually rollback.reqId:145
2021-02-20 11:31:52,215 [rpcDispatch_RMROLE_1_3_8] WARN  rollback [NoSqlDeviceUserActionImpl.java : 61] - nosql-rollback.reqId:145
2021-02-20 11:31:52,237 [rpcDispatch_RMROLE_1_4_8] WARN  rollback [SqlDeviceUserActionImpl.java : 61] - sql-rollback.reqId:145
2021-02-20 11:31:55,104 [DubboServerHandler-172.29.76.44:10001-thread-64] WARN  rollback [DeviceUserTransactionServiceImpl.java : 34] - manually rollback.reqId:162
2021-02-20 11:31:55,206 [rpcDispatch_RMROLE_1_5_8] WARN  rollback [NoSqlDeviceUserActionImpl.java : 61] - nosql-rollback.reqId:162
2021-02-20 11:31:55,237 [rpcDispatch_RMROLE_1_6_8] WARN  rollback [SqlDeviceUserActionImpl.java : 61] - sql-rollback.reqId:162
2021-02-20 11:31:57,581 [DubboServerHandler-172.29.76.44:10001-thread-79] WARN  rollback [DeviceUserTransactionServiceImpl.java : 34] - manually rollback.reqId:177
2021-02-20 11:31:57,685 [rpcDispatch_RMROLE_1_3_8] WARN  rollback [NoSqlDeviceUserActionImpl.java : 61] - nosql-rollback.reqId:177
2021-02-20 11:31:57,707 [rpcDispatch_RMROLE_1_4_8] WARN  rollback [SqlDeviceUserActionImpl.java : 61] - sql-rollback.reqId:177
2021-02-20 11:31:58,874 [DubboServerHandler-172.29.76.44:10001-thread-87] WARN  rollback [DeviceUserTransactionServiceImpl.java : 34] - manually rollback.reqId:185
2021-02-20 11:31:59,426 [rpcDispatch_RMROLE_1_3_8] WARN  rollback [NoSqlDeviceUserActionImpl.java : 61] - nosql-rollback.reqId:185
2021-02-20 11:31:59,455 [rpcDispatch_RMROLE_1_4_8] WARN  rollback [SqlDeviceUserActionImpl.java : 61] - sql-rollback.reqId:185
2021-02-20 11:32:01,568 [DubboServerHandler-172.29.76.44:10001-thread-100] WARN  rollback [DeviceUserTransactionServiceImpl.java : 34] - manually rollback.reqId:198
2021-02-20 11:32:01,674 [rpcDispatch_RMROLE_1_5_8] WARN  rollback [NoSqlDeviceUserActionImpl.java : 61] - nosql-rollback.reqId:198
2021-02-20 11:32:01,694 [rpcDispatch_RMROLE_1_6_8] WARN  rollback [SqlDeviceUserActionImpl.java : 61] - sql-rollback.reqId:198
2021-02-20 11:32:01,743 [DubboServerHandler-172.29.76.44:10001-thread-101] WARN  rollback [DeviceUserTransactionServiceImpl.java : 34] - manually rollback.reqId:199
2021-02-20 11:32:01,840 [rpcDispatch_RMROLE_1_7_8] WARN  rollback [NoSqlDeviceUserActionImpl.java : 61] - nosql-rollback.reqId:199
2021-02-20 11:32:01,862 [rpcDispatch_RMROLE_1_8_8] WARN  rollback [SqlDeviceUserActionImpl.java : 61] - sql-rollback.reqId:199
